<?xml version="1.0" encoding="UTF-8"?>
<testng-results skipped="0" failed="0" ignored="0" total="1" passed="1">
  <reporter-output>
  </reporter-output>
  <suite name="Default suite" duration-ms="11085" started-at="2024-05-07T13:27:12 IST" finished-at="2024-05-07T13:27:23 IST">
    <groups>
    </groups>
    <test name="Default test" duration-ms="11085" started-at="2024-05-07T13:27:12 IST" finished-at="2024-05-07T13:27:23 IST">
      <class name="testcase.login">
        <test-method status="PASS" signature="loginInfo()[pri:0, instance:testcase.login@2ac273d3]" name="loginInfo" duration-ms="11053" started-at="2024-05-07T13:27:12 IST" finished-at="2024-05-07T13:27:23 IST">
          <reporter-output>
          </reporter-output>
        </test-method> <!-- loginInfo -->
      </class> <!-- testcase.login -->
    </test> <!-- Default test -->
  </suite> <!-- Default suite -->
</testng-results>
